C:\MINGLE\COURSES\GAMEPROGRAMMING\2016SPRING\2016_EXAMPLECODE\4_PROJECTILE\PROJECTILE\RELEASE\BALL.OBJ
C:\MINGLE\COURSES\GAMEPROGRAMMING\2016SPRING\2016_EXAMPLECODE\4_PROJECTILE\PROJECTILE\RELEASE\G2W.OBJ
C:\MINGLE\COURSES\GAMEPROGRAMMING\2016SPRING\2016_EXAMPLECODE\4_PROJECTILE\PROJECTILE\RELEASE\MAIN_PROJECTILEGAME.OBJ
C:\MINGLE\COURSES\GAMEPROGRAMMING\2016SPRING\2016_EXAMPLECODE\4_PROJECTILE\PROJECTILE\RELEASE\PROJECTILE.EXE.INTERMEDIATE.MANIFEST
C:\MINGLE\COURSES\GAMEPROGRAMMING\2016SPRING\2016_EXAMPLECODE\4_PROJECTILE\PROJECTILE\RELEASE\PROJECTILEGAME.OBJ
C:\MINGLE\COURSES\GAMEPROGRAMMING\2016SPRING\2016_EXAMPLECODE\4_PROJECTILE\PROJECTILE\RELEASE\ROOM.OBJ
C:\MINGLE\COURSES\GAMEPROGRAMMING\2016SPRING\2016_EXAMPLECODE\4_PROJECTILE\PROJECTILE\RELEASE\VC100.PDB
C:\MINGLE\COURSES\GAMEPROGRAMMING\2016SPRING\2016_EXAMPLECODE\4_PROJECTILE\RELEASE\PROJECTILE.EXE
C:\MINGLE\COURSES\GAMEPROGRAMMING\2016SPRING\2016_EXAMPLECODE\4_PROJECTILE\RELEASE\PROJECTILE.PDB
C:\MINGLE\COURSES\GAMEPROGRAMMING\EXAMPLECODE\GP_EXAMPLES_FOR_STUDENTS_SEPARATED_BY_PROJECTS\4_PROJECTILE\PROJECTILE\RELEASE\BALL.OBJ
C:\Mingle\Courses\GameProgramming\ExampleCode\GP_Examples_for_students_separated_by_projects\4_Projectile\Projectile\Release\cl.command.1.tlog
C:\Mingle\Courses\GameProgramming\ExampleCode\GP_Examples_for_students_separated_by_projects\4_Projectile\Projectile\Release\CL.read.1.tlog
C:\Mingle\Courses\GameProgramming\ExampleCode\GP_Examples_for_students_separated_by_projects\4_Projectile\Projectile\Release\CL.write.1.tlog
C:\MINGLE\COURSES\GAMEPROGRAMMING\EXAMPLECODE\GP_EXAMPLES_FOR_STUDENTS_SEPARATED_BY_PROJECTS\4_PROJECTILE\PROJECTILE\RELEASE\G2W.OBJ
C:\Mingle\Courses\GameProgramming\ExampleCode\GP_Examples_for_students_separated_by_projects\4_Projectile\Projectile\Release\link.command.1.tlog
C:\Mingle\Courses\GameProgramming\ExampleCode\GP_Examples_for_students_separated_by_projects\4_Projectile\Projectile\Release\link.read.1.tlog
C:\Mingle\Courses\GameProgramming\ExampleCode\GP_Examples_for_students_separated_by_projects\4_Projectile\Projectile\Release\link.write.1.tlog
C:\MINGLE\COURSES\GAMEPROGRAMMING\EXAMPLECODE\GP_EXAMPLES_FOR_STUDENTS_SEPARATED_BY_PROJECTS\4_PROJECTILE\PROJECTILE\RELEASE\MAIN_PROJECTILEGAME.OBJ
C:\Mingle\Courses\GameProgramming\ExampleCode\GP_Examples_for_students_separated_by_projects\4_Projectile\Projectile\Release\mt.command.1.tlog
C:\Mingle\Courses\GameProgramming\ExampleCode\GP_Examples_for_students_separated_by_projects\4_Projectile\Projectile\Release\mt.read.1.tlog
C:\Mingle\Courses\GameProgramming\ExampleCode\GP_Examples_for_students_separated_by_projects\4_Projectile\Projectile\Release\mt.write.1.tlog
C:\MINGLE\COURSES\GAMEPROGRAMMING\EXAMPLECODE\GP_EXAMPLES_FOR_STUDENTS_SEPARATED_BY_PROJECTS\4_PROJECTILE\PROJECTILE\RELEASE\PROJECTILE.EXE.INTERMEDIATE.MANIFEST
C:\Mingle\Courses\GameProgramming\ExampleCode\GP_Examples_for_students_separated_by_projects\4_Projectile\Projectile\Release\Projectile.vcxprojResolveAssemblyReference.cache
C:\Mingle\Courses\GameProgramming\ExampleCode\GP_Examples_for_students_separated_by_projects\4_Projectile\Projectile\Release\Projectile.write.1.tlog
C:\MINGLE\COURSES\GAMEPROGRAMMING\EXAMPLECODE\GP_EXAMPLES_FOR_STUDENTS_SEPARATED_BY_PROJECTS\4_PROJECTILE\PROJECTILE\RELEASE\PROJECTILEGAME.OBJ
C:\MINGLE\COURSES\GAMEPROGRAMMING\EXAMPLECODE\GP_EXAMPLES_FOR_STUDENTS_SEPARATED_BY_PROJECTS\4_PROJECTILE\PROJECTILE\RELEASE\ROOM.OBJ
C:\MINGLE\COURSES\GAMEPROGRAMMING\EXAMPLECODE\GP_EXAMPLES_FOR_STUDENTS_SEPARATED_BY_PROJECTS\4_PROJECTILE\PROJECTILE\RELEASE\VC100.PDB
C:\MINGLE\COURSES\GAMEPROGRAMMING\EXAMPLECODE\GP_EXAMPLES_FOR_STUDENTS_SEPARATED_BY_PROJECTS\4_PROJECTILE\RELEASE\PROJECTILE.EXE
C:\MINGLE\COURSES\GAMEPROGRAMMING\EXAMPLECODE\GP_EXAMPLES_FOR_STUDENTS_SEPARATED_BY_PROJECTS\4_PROJECTILE\RELEASE\PROJECTILE.PDB
